<?xml version="1.0" encoding="UTF-8"?>
<!-- Generated by org.testng.reporters.JUnitReportReporter -->
<testsuite hostname="BLT058" name="com.Testcases.TestCase" tests="1" failures="0" timestamp="12 Mar 2020 06:30:23 GMT" time="2.929" errors="0">
  <testcase name="DownloadedIEDriver64BIT" time="2.929" classname="com.Testcases.TestCase"/>
</testsuite> <!-- com.Testcases.TestCase -->
