<?xml version="1.0" encoding="UTF-8"?>
<!-- Generated by org.testng.reporters.JUnitReportReporter -->
<testsuite hostname="BLT058" name="com.Testcases.SearchTestCase" tests="1" failures="0" timestamp="12 Mar 2020 05:58:13 GMT" time="3.751" errors="0">
  <testcase name="DownloadedIEDriver64BIT" time="3.751" classname="com.Testcases.SearchTestCase"/>
</testsuite> <!-- com.Testcases.SearchTestCase -->
